hangup:NULL
hangup:NULL
hangup:NULL
hangup:NULL
hangup:NULL
hangup:NULL
hangup:array (
  'AbeginCallTime' => '1473145709',
  'AringingBeginTime' => '1473145717',
  'AringingEndTime' => '1473145722',
  'BbeginCallTime' => '1473145722',
  'BringingBeginTime' => '1473145727',
  'BringingEndTime' => '1473145732',
  'accountId' => 'c569c5f230f04ebb8ddee3da0f5a1d03',
  'amount' => 0.12,
  'appId' => 'c0b193741c134352b7f4af4551cd1271',
  'byeType' => 'b_con',
  'callId' => '6d729ea23ef3103ed8223fbdf209e8de',
  'callTime' => 15,
  'called' => '15087057477',
  'calledPickTime' => '2016-09-06 15:08:52',
  'caller' => '13294958423',
  'clientNumber' => '13294958423',
  'reason' => '2',
  'recordUrl' => 'http://www.qingmayun.com/data/qmy/record/3024054/2016-09-06/5413294958423_6815087057477_15_08_37.wav',
  'sig' => '80f5eb8bc6af7373b8e91beba1ab29f4',
  'startTime' => '2016-09-06 15:08:42',
  'stopTime' => '2016-09-06 15:08:57',
  'timestamp' => '20160906151154',
  'userData' => '93314|cm|9',
)
hangup:array (
  'AbeginCallTime' => '1473145709',
  'AringingBeginTime' => '1473145717',
  'AringingEndTime' => '1473145722',
  'BbeginCallTime' => '1473145722',
  'BringingBeginTime' => '1473145727',
  'BringingEndTime' => '1473145732',
  'accountId' => 'c569c5f230f04ebb8ddee3da0f5a1d03',
  'amount' => 0.12,
  'appId' => 'c0b193741c134352b7f4af4551cd1271',
  'byeType' => 'b_con',
  'callId' => '6d729ea23ef3103ed8223fbdf209e8de',
  'callTime' => 15,
  'called' => '15087057477',
  'calledPickTime' => '2016-09-06 15:08:52',
  'caller' => '13294958423',
  'clientNumber' => '13294958423',
  'reason' => '2',
  'recordUrl' => 'http://www.qingmayun.com/data/qmy/record/3024054/2016-09-06/5413294958423_6815087057477_15_08_37.wav',
  'sig' => '80f5eb8bc6af7373b8e91beba1ab29f4',
  'startTime' => '2016-09-06 15:08:42',
  'stopTime' => '2016-09-06 15:08:57',
  'timestamp' => '20160906151154',
  'userData' => '93314|cm|9',
)
hangup:array (
  'AbeginCallTime' => '1473145709',
  'AringingBeginTime' => '1473145717',
  'AringingEndTime' => '1473145722',
  'BbeginCallTime' => '1473145722',
  'BringingBeginTime' => '1473145727',
  'BringingEndTime' => '1473145732',
  'accountId' => 'c569c5f230f04ebb8ddee3da0f5a1d03',
  'amount' => 0.12,
  'appId' => 'c0b193741c134352b7f4af4551cd1271',
  'byeType' => 'b_con',
  'callId' => '6d729ea23ef3103ed8223fbdf209e8de',
  'callTime' => 15,
  'called' => '15087057477',
  'calledPickTime' => '2016-09-06 15:08:52',
  'caller' => '13294958423',
  'clientNumber' => '13294958423',
  'reason' => '2',
  'recordUrl' => 'http://www.qingmayun.com/data/qmy/record/3024054/2016-09-06/5413294958423_6815087057477_15_08_37.wav',
  'sig' => '80f5eb8bc6af7373b8e91beba1ab29f4',
  'startTime' => '2016-09-06 15:08:42',
  'stopTime' => '2016-09-06 15:08:57',
  'timestamp' => '20160906151154',
  'userData' => '93314|cm|9',
)
hangup:array (
  'AbeginCallTime' => '1473145709',
  'AringingBeginTime' => '1473145717',
  'AringingEndTime' => '1473145722',
  'BbeginCallTime' => '1473145722',
  'BringingBeginTime' => '1473145727',
  'BringingEndTime' => '1473145732',
  'accountId' => 'c569c5f230f04ebb8ddee3da0f5a1d03',
  'amount' => 0.12,
  'appId' => 'c0b193741c134352b7f4af4551cd1271',
  'byeType' => 'b_con',
  'callId' => '6d729ea23ef3103ed8223fbdf209e8de',
  'callTime' => 15,
  'called' => '15087057477',
  'calledPickTime' => '2016-09-06 15:08:52',
  'caller' => '13294958423',
  'clientNumber' => '13294958423',
  'reason' => '2',
  'recordUrl' => 'http://www.qingmayun.com/data/qmy/record/3024054/2016-09-06/5413294958423_6815087057477_15_08_37.wav',
  'sig' => '80f5eb8bc6af7373b8e91beba1ab29f4',
  'startTime' => '2016-09-06 15:08:42',
  'stopTime' => '2016-09-06 15:08:57',
  'timestamp' => '20160906151154',
  'userData' => '93314|cm|9',
)
hangup:array (
  'AbeginCallTime' => '1473145709',
  'AringingBeginTime' => '1473145717',
  'AringingEndTime' => '1473145722',
  'BbeginCallTime' => '1473145722',
  'BringingBeginTime' => '1473145727',
  'BringingEndTime' => '1473145732',
  'accountId' => 'c569c5f230f04ebb8ddee3da0f5a1d03',
  'amount' => 0.12,
  'appId' => 'c0b193741c134352b7f4af4551cd1271',
  'byeType' => 'b_con',
  'callId' => '6d729ea23ef3103ed8223fbdf209e8de',
  'callTime' => 15,
  'called' => '15087057477',
  'calledPickTime' => '2016-09-06 15:08:52',
  'caller' => '13294958423',
  'clientNumber' => '13294958423',
  'reason' => '2',
  'recordUrl' => 'http://www.qingmayun.com/data/qmy/record/3024054/2016-09-06/5413294958423_6815087057477_15_08_37.wav',
  'sig' => '80f5eb8bc6af7373b8e91beba1ab29f4',
  'startTime' => '2016-09-06 15:08:42',
  'stopTime' => '2016-09-06 15:08:57',
  'timestamp' => '20160906151154',
  'userData' => '93314|cm|9',
)
hangup:array (
  'AbeginCallTime' => '1473145709',
  'AringingBeginTime' => '1473145717',
  'AringingEndTime' => '1473145722',
  'BbeginCallTime' => '1473145722',
  'BringingBeginTime' => '1473145727',
  'BringingEndTime' => '1473145732',
  'accountId' => 'c569c5f230f04ebb8ddee3da0f5a1d03',
  'amount' => 0.12,
  'appId' => 'c0b193741c134352b7f4af4551cd1271',
  'byeType' => 'b_con',
  'callId' => '6d729ea23ef3103ed8223fbdf209e8de',
  'callTime' => 15,
  'called' => '15087057477',
  'calledPickTime' => '2016-09-06 15:08:52',
  'caller' => '13294958423',
  'clientNumber' => '13294958423',
  'reason' => '2',
  'recordUrl' => 'http://www.qingmayun.com/data/qmy/record/3024054/2016-09-06/5413294958423_6815087057477_15_08_37.wav',
  'sig' => '80f5eb8bc6af7373b8e91beba1ab29f4',
  'startTime' => '2016-09-06 15:08:42',
  'stopTime' => '2016-09-06 15:08:57',
  'timestamp' => '20160906151154',
  'userData' => '93314|cm|9',
)
hangup:array (
  'AbeginCallTime' => '1473145709',
  'AringingBeginTime' => '1473145717',
  'AringingEndTime' => '1473145722',
  'BbeginCallTime' => '1473145722',
  'BringingBeginTime' => '1473145727',
  'BringingEndTime' => '1473145732',
  'accountId' => 'c569c5f230f04ebb8ddee3da0f5a1d03',
  'amount' => 0.12,
  'appId' => 'c0b193741c134352b7f4af4551cd1271',
  'byeType' => 'b_con',
  'callId' => '6d729ea23ef3103ed8223fbdf209e8de',
  'callTime' => 15,
  'called' => '15087057477',
  'calledPickTime' => '2016-09-06 15:08:52',
  'caller' => '13294958423',
  'clientNumber' => '13294958423',
  'reason' => '2',
  'recordUrl' => 'http://www.qingmayun.com/data/qmy/record/3024054/2016-09-06/5413294958423_6815087057477_15_08_37.wav',
  'sig' => '80f5eb8bc6af7373b8e91beba1ab29f4',
  'startTime' => '2016-09-06 15:08:42',
  'stopTime' => '2016-09-06 15:08:57',
  'timestamp' => '20160906151154',
  'userData' => '93314|cm|9',
)
hangup:array (
  'AbeginCallTime' => '1473145709',
  'AringingBeginTime' => '1473145717',
  'AringingEndTime' => '1473145722',
  'BbeginCallTime' => '1473145722',
  'BringingBeginTime' => '1473145727',
  'BringingEndTime' => '1473145732',
  'accountId' => 'c569c5f230f04ebb8ddee3da0f5a1d03',
  'amount' => 0.12,
  'appId' => 'c0b193741c134352b7f4af4551cd1271',
  'byeType' => 'b_con',
  'callId' => '6d729ea23ef3103ed8223fbdf209e8de',
  'callTime' => 15,
  'called' => '15087057477',
  'calledPickTime' => '2016-09-06 15:08:52',
  'caller' => '13294958423',
  'clientNumber' => '13294958423',
  'reason' => '2',
  'recordUrl' => 'http://www.qingmayun.com/data/qmy/record/3024054/2016-09-06/5413294958423_6815087057477_15_08_37.wav',
  'sig' => '80f5eb8bc6af7373b8e91beba1ab29f4',
  'startTime' => '2016-09-06 15:08:42',
  'stopTime' => '2016-09-06 15:08:57',
  'timestamp' => '20160906151154',
  'userData' => '93314|cm|9',
)
hangup:array (
  'AbeginCallTime' => '1473145709',
  'AringingBeginTime' => '1473145717',
  'AringingEndTime' => '1473145722',
  'BbeginCallTime' => '1473145722',
  'BringingBeginTime' => '1473145727',
  'BringingEndTime' => '1473145732',
  'accountId' => 'c569c5f230f04ebb8ddee3da0f5a1d03',
  'amount' => 0.12,
  'appId' => 'c0b193741c134352b7f4af4551cd1271',
  'byeType' => 'b_con',
  'callId' => '6d729ea23ef3103ed8223fbdf209e8de',
  'callTime' => 15,
  'called' => '15087057477',
  'calledPickTime' => '2016-09-06 15:08:52',
  'caller' => '13294958423',
  'clientNumber' => '13294958423',
  'reason' => '2',
  'recordUrl' => 'http://www.qingmayun.com/data/qmy/record/3024054/2016-09-06/5413294958423_6815087057477_15_08_37.wav',
  'sig' => '80f5eb8bc6af7373b8e91beba1ab29f4',
  'startTime' => '2016-09-06 15:08:42',
  'stopTime' => '2016-09-06 15:08:57',
  'timestamp' => '20160906151154',
  'userData' => '93314|cm|9',
)
hangup:array (
  'AbeginCallTime' => '1473145709',
  'AringingBeginTime' => '1473145717',
  'AringingEndTime' => '1473145722',
  'BbeginCallTime' => '1473145722',
  'BringingBeginTime' => '1473145727',
  'BringingEndTime' => '1473145732',
  'accountId' => 'c569c5f230f04ebb8ddee3da0f5a1d03',
  'amount' => 0.12,
  'appId' => 'c0b193741c134352b7f4af4551cd1271',
  'byeType' => 'b_con',
  'callId' => '6d729ea23ef3103ed8223fbdf209e8de',
  'callTime' => 15,
  'called' => '15087057477',
  'calledPickTime' => '2016-09-06 15:08:52',
  'caller' => '13294958423',
  'clientNumber' => '13294958423',
  'reason' => '2',
  'recordUrl' => 'http://www.qingmayun.com/data/qmy/record/3024054/2016-09-06/5413294958423_6815087057477_15_08_37.wav',
  'sig' => '80f5eb8bc6af7373b8e91beba1ab29f4',
  'startTime' => '2016-09-06 15:08:42',
  'stopTime' => '2016-09-06 15:08:57',
  'timestamp' => '20160906151154',
  'userData' => '93314|cm|9',
)
hangup:array (
  'AbeginCallTime' => '1473145709',
  'AringingBeginTime' => '1473145717',
  'AringingEndTime' => '1473145722',
  'BbeginCallTime' => '1473145722',
  'BringingBeginTime' => '1473145727',
  'BringingEndTime' => '1473145732',
  'accountId' => 'c569c5f230f04ebb8ddee3da0f5a1d03',
  'amount' => 0.12,
  'appId' => 'c0b193741c134352b7f4af4551cd1271',
  'byeType' => 'b_con',
  'callId' => '6d729ea23ef3103ed8223fbdf209e8de',
  'callTime' => 15,
  'called' => '15087057477',
  'calledPickTime' => '2016-09-06 15:08:52',
  'caller' => '13294958423',
  'clientNumber' => '13294958423',
  'reason' => '2',
  'recordUrl' => 'http://www.qingmayun.com/data/qmy/record/3024054/2016-09-06/5413294958423_6815087057477_15_08_37.wav',
  'sig' => '80f5eb8bc6af7373b8e91beba1ab29f4',
  'startTime' => '2016-09-06 15:08:42',
  'stopTime' => '2016-09-06 15:08:57',
  'timestamp' => '20160906151154',
  'userData' => '93314|cm|9',
)
hangup:array (
  'AbeginCallTime' => '1473145709',
  'AringingBeginTime' => '1473145717',
  'AringingEndTime' => '1473145722',
  'BbeginCallTime' => '1473145722',
  'BringingBeginTime' => '1473145727',
  'BringingEndTime' => '1473145732',
  'accountId' => 'c569c5f230f04ebb8ddee3da0f5a1d03',
  'amount' => 0.12,
  'appId' => 'c0b193741c134352b7f4af4551cd1271',
  'byeType' => 'b_con',
  'callId' => '6d729ea23ef3103ed8223fbdf209e8de',
  'callTime' => 15,
  'called' => '15087057477',
  'calledPickTime' => '2016-09-06 15:08:52',
  'caller' => '13294958423',
  'clientNumber' => '13294958423',
  'reason' => '2',
  'recordUrl' => 'http://www.qingmayun.com/data/qmy/record/3024054/2016-09-06/5413294958423_6815087057477_15_08_37.wav',
  'sig' => '80f5eb8bc6af7373b8e91beba1ab29f4',
  'startTime' => '2016-09-06 15:08:42',
  'stopTime' => '2016-09-06 15:08:57',
  'timestamp' => '20160906151154',
  'userData' => '93314|cm|9',
)
hangup:array (
  'AbeginCallTime' => '1473145709',
  'AringingBeginTime' => '1473145717',
  'AringingEndTime' => '1473145722',
  'BbeginCallTime' => '1473145722',
  'BringingBeginTime' => '1473145727',
  'BringingEndTime' => '1473145732',
  'accountId' => 'c569c5f230f04ebb8ddee3da0f5a1d03',
  'amount' => 0.12,
  'appId' => 'c0b193741c134352b7f4af4551cd1271',
  'byeType' => 'b_con',
  'callId' => '6d729ea23ef3103ed8223fbdf209e8de',
  'callTime' => 15,
  'called' => '15087057477',
  'calledPickTime' => '2016-09-06 15:08:52',
  'caller' => '13294958423',
  'clientNumber' => '13294958423',
  'reason' => '2',
  'recordUrl' => 'http://www.qingmayun.com/data/qmy/record/3024054/2016-09-06/5413294958423_6815087057477_15_08_37.wav',
  'sig' => '80f5eb8bc6af7373b8e91beba1ab29f4',
  'startTime' => '2016-09-06 15:08:42',
  'stopTime' => '2016-09-06 15:08:57',
  'timestamp' => '20160906151154',
  'userData' => '93314|cm|9',
)
